TN:
SF:views/employee-form.js
FN:7,<static_initializer>
FN:70,EmployeeForm
FN:86,firstUpdated
FN:96,_validate
FN:120,_save
FN:137,_cancel
FN:142,render
FN:145,html.map.html.employee.<computed>
FNF:8
FNH:8
FNDA:1,<static_initializer>
FNDA:4,EmployeeForm
FNDA:4,firstUpdated
FNDA:2,_validate
FNDA:2,_save
FNDA:1,_cancel
FNDA:6,render
FNDA:2,html.map.html.employee.<computed>
DA:1,1
DA:2,1
DA:3,1
DA:4,1
DA:5,1
DA:6,1
DA:7,1
DA:8,1
DA:9,1
DA:10,1
DA:11,1
DA:12,1
DA:13,1
DA:14,1
DA:15,1
DA:16,1
DA:17,1
DA:18,1
DA:19,1
DA:20,1
DA:21,1
DA:22,1
DA:23,1
DA:24,1
DA:25,1
DA:26,1
DA:27,1
DA:28,1
DA:29,1
DA:30,1
DA:31,1
DA:32,1
DA:33,1
DA:34,1
DA:35,1
DA:36,1
DA:37,1
DA:38,1
DA:39,1
DA:40,1
DA:41,1
DA:42,1
DA:43,1
DA:44,1
DA:45,1
DA:46,1
DA:47,1
DA:48,1
DA:49,1
DA:50,1
DA:51,1
DA:52,1
DA:53,1
DA:54,1
DA:55,1
DA:56,1
DA:57,1
DA:58,1
DA:59,1
DA:60,1
DA:61,1
DA:62,1
DA:63,1
DA:64,1
DA:65,1
DA:66,1
DA:67,1
DA:68,1
DA:69,1
DA:70,1
DA:71,4
DA:72,4
DA:73,4
DA:74,4
DA:75,4
DA:76,4
DA:77,4
DA:78,4
DA:79,4
DA:80,4
DA:81,4
DA:82,4
DA:83,4
DA:84,4
DA:85,1
DA:86,1
DA:87,4
DA:88,4
DA:89,4
DA:90,4
DA:91,0
DA:92,0
DA:93,0
DA:94,4
DA:95,1
DA:96,1
DA:97,2
DA:98,2
DA:99,2
DA:100,2
DA:101,2
DA:102,16
DA:103,6
DA:104,6
DA:105,2
DA:106,2
DA:107,2
DA:108,2
DA:109,1
DA:110,1
DA:111,1
DA:112,1
DA:113,1
DA:114,1
DA:115,2
DA:116,2
DA:117,2
DA:118,2
DA:119,1
DA:120,1
DA:121,2
DA:122,2
DA:123,2
DA:124,2
DA:125,2
DA:126,0
DA:127,0
DA:128,0
DA:129,0
DA:130,0
DA:131,0
DA:132,0
DA:133,0
DA:134,0
DA:135,2
DA:136,1
DA:137,1
DA:138,1
DA:139,1
DA:140,1
DA:141,1
DA:142,1
DA:143,6
DA:144,6
DA:145,6
DA:146,6
DA:147,48
DA:148,48
DA:149,48
DA:150,48
DA:151,12
DA:152,12
DA:153,12
DA:154,12
DA:155,12
DA:156,12
DA:157,12
DA:158,12
DA:159,48
DA:160,36
DA:161,36
DA:162,36
DA:163,36
DA:164,24
DA:165,36
DA:166,36
DA:167,48
DA:168,48
DA:169,48
DA:170,48
DA:171,48
DA:172,6
DA:173,6
DA:174,6
DA:175,6
DA:176,6
DA:177,6
DA:178,6
DA:179,6
DA:180,6
DA:181,1
DA:182,1
DA:183,1
LF:183
LH:171
BRDA:1,0,0,1
BRDA:7,1,0,1
BRDA:70,2,0,4
BRDA:86,3,0,4
BRDA:90,4,0,0
BRDA:96,5,0,2
BRDA:108,6,0,1
BRDA:108,7,0,1
BRDA:101,8,0,16
BRDA:102,9,0,10
BRDA:102,10,0,6
BRDA:120,11,0,2
BRDA:126,12,0,0
BRDA:137,13,0,1
BRDA:142,14,0,6
BRDA:145,15,0,2
BRDA:146,16,0,48
BRDA:149,17,0,42
BRDA:150,18,0,12
BRDA:156,19,0,6
BRDA:157,20,0,6
BRDA:159,21,0,36
BRDA:162,22,0,12
BRDA:163,23,0,24
BRDA:163,24,0,6
BRDA:164,25,0,18
BRDA:164,26,0,6
BRDA:165,27,0,12
BRDA:169,28,0,7
BRDA:170,29,0,41
BRF:30
BRH:28
end_of_record
TN:
SF:views/employee-list.js
FN:7,<static_initializer>
FN:72,EmployeeList
FN:79,disconnectedCallback
FN:84,_stateChanged
FN:91,_delete
FN:97,_prev
FN:101,_next
FN:105,_toggleView
FN:109,firstUpdated
FN:113,render
FNF:10
FNH:8
FNDA:1,<static_initializer>
FNDA:4,EmployeeList
FNDA:4,disconnectedCallback
FNDA:13,_stateChanged
FNDA:1,_delete
FNDA:0,_prev
FNDA:0,_next
FNDA:1,_toggleView
FNDA:4,firstUpdated
FNDA:10,render
DA:1,1
DA:2,1
DA:3,1
DA:4,1
DA:5,1
DA:6,1
DA:7,1
DA:8,1
DA:9,1
DA:10,1
DA:11,1
DA:12,1
DA:13,1
DA:14,1
DA:15,1
DA:16,1
DA:17,1
DA:18,1
DA:19,1
DA:20,1
DA:21,1
DA:22,1
DA:23,1
DA:24,1
DA:25,1
DA:26,1
DA:27,1
DA:28,1
DA:29,1
DA:30,1
DA:31,1
DA:32,1
DA:33,1
DA:34,1
DA:35,1
DA:36,1
DA:37,1
DA:38,1
DA:39,1
DA:40,1
DA:41,1
DA:42,1
DA:43,1
DA:44,1
DA:45,1
DA:46,1
DA:47,1
DA:48,1
DA:49,1
DA:50,1
DA:51,1
DA:52,1
DA:53,1
DA:54,1
DA:55,1
DA:56,1
DA:57,1
DA:58,1
DA:59,1
DA:60,1
DA:61,1
DA:62,1
DA:63,1
DA:64,1
DA:65,1
DA:66,1
DA:67,1
DA:68,1
DA:69,1
DA:70,1
DA:71,1
DA:72,1
DA:73,4
DA:74,4
DA:75,4
DA:76,4
DA:77,4
DA:78,1
DA:79,1
DA:80,4
DA:81,4
DA:82,4
DA:83,1
DA:84,1
DA:85,13
DA:86,13
DA:87,13
DA:88,13
DA:89,13
DA:90,1
DA:91,1
DA:92,1
DA:93,1
DA:94,1
DA:95,1
DA:96,1
DA:97,1
DA:98,0
DA:99,0
DA:100,1
DA:101,1
DA:102,0
DA:103,0
DA:104,1
DA:105,1
DA:106,1
DA:107,1
DA:108,1
DA:109,1
DA:110,4
DA:111,4
DA:112,1
DA:113,1
DA:114,10
DA:115,10
DA:116,10
DA:117,10
DA:118,10
DA:119,10
DA:120,10
DA:121,10
DA:122,10
DA:123,10
DA:124,10
DA:125,10
DA:126,10
DA:127,10
DA:128,10
DA:129,10
DA:130,10
DA:131,10
DA:132,10
DA:133,10
DA:134,10
DA:135,10
DA:136,10
DA:137,8
DA:138,8
DA:139,8
DA:140,8
DA:141,8
DA:142,8
DA:143,9
DA:144,9
DA:145,9
DA:146,9
DA:147,9
DA:148,9
DA:149,9
DA:150,9
DA:151,9
DA:152,9
DA:153,9
DA:154,9
DA:155,9
DA:156,9
DA:157,8
DA:158,8
DA:159,8
DA:160,8
DA:161,10
DA:162,2
DA:163,2
DA:164,2
DA:165,2
DA:166,2
DA:167,2
DA:168,2
DA:169,2
DA:170,2
DA:171,2
DA:172,2
DA:173,2
DA:174,2
DA:175,2
DA:176,2
DA:177,2
DA:178,2
DA:179,2
DA:180,10
DA:181,10
DA:182,10
DA:183,10
DA:184,10
DA:185,10
DA:186,10
DA:187,10
DA:188,10
DA:189,10
DA:190,10
DA:191,10
DA:192,10
DA:193,1
DA:194,1
DA:195,1
LF:195
LH:191
BRDA:1,0,0,1
BRDA:7,1,0,1
BRDA:72,2,0,4
BRDA:74,3,0,9
BRDA:79,4,0,4
BRDA:84,5,0,13
BRDA:91,6,0,1
BRDA:105,7,0,1
BRDA:109,8,0,4
BRDA:113,9,0,10
BRDA:115,10,0,0
BRDA:136,11,0,8
BRDA:161,12,0,2
BRDA:184,13,0,0
BRDA:187,14,0,0
BRDA:129,15,0,1
BRDA:139,16,0,72
BRDA:142,17,0,9
BRDA:154,18,0,1
BRDA:163,19,0,2
BRF:20
BRH:17
end_of_record
